Content-Type: text/plain; charset="utf-8"
MIME-Version: 1.0
Content-Transfer-Encoding: 7bit
Subject: Password reset on 127.0.0.1:8000
From: webmaster@localhost
To: swapnitanerkar28@gmail.com
Date: Sun, 27 Sep 2020 08:53:03 -0000
Message-ID: <160119678390.23904.12930348868981140919@DESKTOP-3HHT9N1>

Someone asked for password reset for email swapnitanerkar28@gmail.com. Follow the link below:

http://127.0.0.1:8000/accounts/reset/MTA/5k9-3b0a9128d7017b2342ca/

-------------------------------------------------------------------------------
Content-Type: text/plain; charset="utf-8"
MIME-Version: 1.0
Content-Transfer-Encoding: 7bit
Subject: Password reset on 127.0.0.1:8000
From: webmaster@localhost
To: swapnitanerkar28@gmail.com
Date: Sun, 27 Sep 2020 08:53:03 -0000
Message-ID: <160119678392.23904.2381713986492337429@DESKTOP-3HHT9N1>

Someone asked for password reset for email swapnitanerkar28@gmail.com. Follow the link below:

http://127.0.0.1:8000/accounts/reset/MTY/5k9-f28f9420d01690915732/

-------------------------------------------------------------------------------
