Content-Type: text/plain; charset="utf-8"
MIME-Version: 1.0
Content-Transfer-Encoding: 7bit
Subject: Password reset on 127.0.0.1:8000
From: webmaster@localhost
To: swapnitanerkar28@gmail.com
Date: Sun, 27 Sep 2020 09:00:30 -0000
Message-ID: <160119723044.23904.13172271315403721049@DESKTOP-3HHT9N1>

Someone asked for password reset for email swapnitanerkar28@gmail.com. Follow the link below:

http://127.0.0.1:8000/accounts/reset/MTA/5k9-25d495b3e67c2b61564d/

-------------------------------------------------------------------------------
Content-Type: text/plain; charset="utf-8"
MIME-Version: 1.0
Content-Transfer-Encoding: 7bit
Subject: Password reset on 127.0.0.1:8000
From: webmaster@localhost
To: swapnitanerkar28@gmail.com
Date: Sun, 27 Sep 2020 09:00:30 -0000
Message-ID: <160119723054.23904.12414438863342416164@DESKTOP-3HHT9N1>

Someone asked for password reset for email swapnitanerkar28@gmail.com. Follow the link below:

http://127.0.0.1:8000/accounts/reset/MTY/5k9-f28f9420d01690915732/

-------------------------------------------------------------------------------
